<?xml version="1.0" encoding="utf-8"?><testsuites name="pytest tests"><testsuite name="pytest" errors="0" failures="7" skipped="13" tests="627" time="554.511" timestamp="2026-08-26T22:10:33.990205+09:00" hostname="Mac-mini-261.local"><testcase classname="tests.cli_runtime.test_active.TestCliActive" name="test_active_set_initiative_and_epic_keep_missing_layers_as_placeholder" time="6.678" /><testcase classname="tests.cli_runtime.test_active.TestCliActive" name="test_active_set_github_issue_flag_is_ambiguous_with_current_foreign_overlap_but_id_succeeds" time="0.000"><skipped type="pytest.skip" message="S05: covered by TestSetActiveApplication.test_set_active_resolves_id_and_repo_scoped_github_target_without_cli">/Volumes/990p2t/workspace/worktrees/spec-dock/iss-00370-with-baseline/tests/cli_runtime/test_active.py:108: S05: covered by TestSetActiveApplication.test_set_active_resolves_id_and_repo_scoped_github_target_without_cli</skipped></testcase><testcase classname="tests.cli_runtime.test_active.TestCliActive" name="test_active_set_rejects_conflict_between_positional_target_and_id_flag" time="0.233" /><testcase classname="tests.cli_runtime.test_active.TestCliActive" name="test_active_set_local_only_node_does_not_rename_branch" time="0.000"><skipped type="pytest.skip" message="S05: covered by TestSetActiveApplication.test_set_active_resolves_id_and_repo_scoped_github_target_without_cli">/Volumes/990p2t/workspace/worktrees/spec-dock/iss-00370-with-baseline/tests/cli_runtime/test_active.py:358: S05: covered by TestSetActiveApplication.test_set_active_resolves_id_and_repo_scoped_github_target_without_cli</skipped></testcase><testcase classname="tests.cli_runtime.test_active.TestCliActive" name="test_active_set_reuses_existing_branch_recomputes_desired_after_checkout_for_node_id_target" time="0.000"><skipped type="pytest.skip" message="S05: covered by TestSetActiveApplication.test_set_active_checkout_uses_git_gateway_branch_decision_without_cli_git">/Volumes/990p2t/workspace/worktrees/spec-dock/iss-00370-with-baseline/tests/cli_runtime/test_active.py:604: S05: covered by TestSetActiveApplication.test_set_active_checkout_uses_git_gateway_branch_decision_without_cli_git</skipped></testcase><testcase classname="tests.cli_runtime.test_active.TestCliActive" name="test_active_set_github_issue_number_requires_linked_node" time="0.000"><skipped type="pytest.skip" message="S05: covered by TestSetActiveApplication.test_set_active_resolves_id_and_repo_scoped_github_target_without_cli">/Volumes/990p2t/workspace/worktrees/spec-dock/iss-00370-with-baseline/tests/cli_runtime/test_active.py:925: S05: covered by TestSetActiveApplication.test_set_active_resolves_id_and_repo_scoped_github_target_without_cli</skipped></testcase><testcase classname="tests.cli_runtime.test_active.TestCliActive" name="test_active_set_force_overrides_deps_guard" time="0.000"><skipped type="pytest.skip" message="S05: covered by TestSetActiveApplication.test_set_active_deps_guard_blocks_without_writing_and_force_writes_with_warning_without_cli">/Volumes/990p2t/workspace/worktrees/spec-dock/iss-00370-with-baseline/tests/cli_runtime/test_active.py:1172: S05: covered by TestSetActiveApplication.test_set_active_deps_guard_blocks_without_writing_and_force_writes_with_warning_without_cli</skipped></testcase><testcase classname="tests.cli_runtime.test_active.TestCliActive" name="test_active_set_without_github_blocks_when_snapshot_missing" time="0.000"><skipped type="pytest.skip" message="S05: covered by TestSetActiveApplication.test_set_active_deps_guard_blocks_without_writing_and_force_writes_with_warning_without_cli">/Volumes/990p2t/workspace/worktrees/spec-dock/iss-00370-with-baseline/tests/cli_runtime/test_active.py:1567: S05: covered by TestSetActiveApplication.test_set_active_deps_guard_blocks_without_writing_and_force_writes_with_warning_without_cli</skipped></testcase><testcase classname="tests.cli_runtime.test_active.TestCliActive" name="test_active_set_github_issue_checkout_refuses_dirty_working_tree" time="1.099" /><testcase classname="tests.cli_runtime.test_artifact_import_file.TestArtifactImportFile" name="test_external_relative_source_from_nested_cwd_is_basename_only_and_content_free" time="0.224" /><testcase classname="tests.cli_runtime.test_artifact_import_s04" name="test_tc_346_s04_projection_snapshot_preserves_raw_json_except_generated_at" time="0.000" /><testcase classname="tests.cli_runtime.test_artifact_import_s04.TestArtifactImportS04" name="test_tc_346_s04_002_projection_and_context_equivalence" time="3.280" /><testcase classname="tests.cli_runtime.test_artifact_import_s04.TestArtifactImportS04" name="test_tc_s04_001_002_003_generic_bodies_do_not_change_default_lifecycle_projections" time="3.114" /><testcase classname="tests.cli_runtime.test_artifact_import_s04.TestArtifactImportS04" name="test_tc_s04_005_typed_and_blank_keep_legacy_names_while_generic_reserves_shared_slot" time="2.223" /><testcase classname="tests.cli_runtime.test_close.TestCliClose" name="test_close_command_accepts_explicit_github_issue_flag" time="1.614" /><testcase classname="tests.cli_runtime.test_delete.TestCliDelete" name="test_delete_issue_by_positional_target_removes_local_leaf_and_closes_remote" time="1.612" /><testcase classname="tests.cli_runtime.test_delete.TestCliDelete" name="test_delete_preflight_failure_does_not_run_post_sync_or_refresh_artifacts" time="2.272" /><testcase classname="tests.cli_runtime.test_delete.TestCliDelete" name="test_delete_issue_with_recursive_flag_is_accepted_noop_and_succeeds" time="2.171" /><testcase classname="tests.cli_runtime.test_delete.TestCliDelete" name="test_delete_issue_target_invalid_metadata_positional_returns_structured_json" time="1.038" /><testcase classname="tests.cli_runtime.test_deps.TestCliDeps" name="test_sync_deps_empty_open_epic_blocks_with_node_context" time="2.948" /><testcase classname="tests.cli_runtime.test_deps.TestCliDeps" name="test_sync_deps_active_leaf_makes_epic_and_initiative_doing" time="2.364" /><testcase classname="tests.cli_runtime.test_deps.TestCliDeps" name="test_deps_check_accepts_explicit_id_flag" time="1.342" /><testcase classname="tests.cli_runtime.test_deps.TestCliDeps" name="test_deps_check_repo_scoped_current_url_resolves_unscoped_current_node" time="1.574" /><testcase classname="tests.cli_runtime.test_deps.TestCliDeps" name="test_deps_scoped_ref_forms_fail_closed_when_repo_scope_does_not_match[owner-repo-number]" time="1.572" /><testcase classname="tests.cli_runtime.test_deps.TestCliDeps" name="test_deps_check_returns_ready_and_blockers_and_closure_json" time="3.272" /><testcase classname="tests.cli_runtime.test_deps.TestCliDeps" name="test_deps_check_json_blocks_empty_high_level_source_direct_dependency_without_github" time="1.358" /><testcase classname="tests.cli_runtime.test_deps.TestCliDeps" name="test_deps_check_without_github_uses_index_snapshot_when_present" time="0.000"><skipped type="pytest.skip" message="S04: covered by TestCheckDepsApplication.test_no_github_uses_cached_status_and_last_sync_without_fetching_github">/Volumes/990p2t/workspace/worktrees/spec-dock/iss-00370-with-baseline/tests/cli_runtime/test_deps.py:1524: S04: covered by TestCheckDepsApplication.test_no_github_uses_cached_status_and_last_sync_without_fetching_github</skipped></testcase><testcase classname="tests.cli_runtime.test_deps.TestCliDeps" name="test_deps_check_accepts_github_number_forms_and_urls[hash-number]" time="1.475" /><testcase classname="tests.cli_runtime.test_deps.TestCliDeps" name="test_deps_check_no_github_missing_index_defaults_unknown" time="0.000"><skipped type="pytest.skip" message="S04: covered by TestCheckDepsApplication.test_no_github_missing_cache_defaults_to_unknown_and_blocks">/Volumes/990p2t/workspace/worktrees/spec-dock/iss-00370-with-baseline/tests/cli_runtime/test_deps.py:1829: S04: covered by TestCheckDepsApplication.test_no_github_missing_cache_defaults_to_unknown_and_blocks</skipped></testcase><testcase classname="tests.cli_runtime.test_deps.TestCliDeps" name="test_deps_check_json_stdout_only" time="1.636" /><testcase classname="tests.cli_runtime.test_deps.TestCliDeps" name="test_meta_json_parse_error_fails_with_path" time="1.227" /><testcase classname="tests.cli_runtime.test_deps.TestCliDeps" name="test_meta_schema_rejects_boolean_dep_ref" time="1.182" /><testcase classname="tests.cli_runtime.test_deps.TestCliDeps" name="test_deps_unresolved_ref_reports_ref_and_deps_path" time="1.250" /><testcase classname="tests.cli_runtime.test_deps.TestCliDeps" name="test_deps_effective_depends_on_merges_epic_and_initiative" time="0.000"><skipped type="pytest.skip" message="S04: covered by TestCheckDepsApplication.test_effective_depends_on_merges_epic_and_initiative_without_cli">/Volumes/990p2t/workspace/worktrees/spec-dock/iss-00370-with-baseline/tests/cli_runtime/test_deps.py:2543: S04: covered by TestCheckDepsApplication.test_effective_depends_on_merges_epic_and_initiative_without_cli</skipped></testcase><testcase classname="tests.cli_runtime.test_deps.TestCliDeps" name="test_deps_check_initiative_and_epic_target_status_uses_github_when_linked" time="1.801" /><testcase classname="tests.cli_runtime.test_deps.TestCliDeps" name="test_validate_fails_on_existing_empty_container_raw_cycle" time="1.280" /><testcase classname="tests.cli_runtime.test_deps.TestCliDeps" name="test_deps_add_updates_meta_json_and_returns_updated" time="1.548" /><testcase classname="tests.cli_runtime.test_deps.TestCliDeps" name="test_deps_add_mixed_kind_direct_dependency_updates_meta_json_and_returns_updated[initiative-to-unrelated-epic]" time="3.282" /><testcase classname="tests.cli_runtime.test_deps.TestCliDeps" name="test_deps_remove_removes_shorthand_direct_refs_by_epic_id" time="3.977" /><testcase classname="tests.cli_runtime.test_deps.TestCliDeps" name="test_deps_remove_epic_direct_dependency_updates_meta_json_and_returns_updated" time="2.570" /><testcase classname="tests.cli_runtime.test_deps.TestCliDeps" name="test_deps_remove_unresolved_target_returns_edge_not_found_and_no_write" time="1.520" /><testcase classname="tests.cli_runtime.test_deps.TestCliDeps" name="test_deps_remove_broken_current_graph_fails_preflight_before_edge_not_found" time="1.813" /><testcase classname="tests.cli_runtime.test_deps.TestCliDeps" name="test_deps_add_empty_initiative_direct_dependency_updates_meta_json_and_returns_updated" time="2.525" /><testcase classname="tests.cli_runtime.test_deps.TestCliDeps" name="test_deps_add_cycle_request_returns_invalid_add_cycle_and_no_write" time="2.025" /><testcase classname="tests.cli_runtime.test_deps.TestCliDeps" name="test_deps_add_invalid_node_candidate_returns_invalid_add_cycle_and_no_write[epic-to-initiative]" time="1.238" /><testcase classname="tests.cli_runtime.test_deps.TestCliDeps" name="test_deps_add_candidate_compiled_cycle_returns_invalid_add_cycle_and_no_write" time="1.810" /><testcase classname="tests.cli_runtime.test_distribution_cutover" name="test_s40b_retained_skill_identity_matches_issue359_final_source" time="0.001"><failure message="AssertionError: assert '29297de5b434...24530c9b24800' == '7d722020bc46...7dbc88319ae71'&#10;  &#10;  - 7d722020bc4666dd523ddb48d454d5af40367b1d712299e3d5c7dbc88319ae71&#10;  + 29297de5b4344e5a4465c675535303ed04b3da65631f8dfa6ef24530c9b24800">def test_s40b_retained_skill_identity_matches_issue359_final_source() -&gt; None:
        for relative_path, expected_sha256 in CURRENT_SKILL_SHA256.items():
            actual_sha256 = hashlib.sha256((INSTALL_ROOT / relative_path).read_bytes()).hexdigest()
&gt;           assert actual_sha256 == expected_sha256
E           AssertionError: assert '29297de5b434...24530c9b24800' == '7d722020bc46...7dbc88319ae71'
E             
E             - 7d722020bc4666dd523ddb48d454d5af40367b1d712299e3d5c7dbc88319ae71
E             + 29297de5b4344e5a4465c675535303ed04b3da65631f8dfa6ef24530c9b24800

tests/cli_runtime/test_distribution_cutover.py:138: AssertionError</failure></testcase><testcase classname="tests.cli_runtime.test_distribution_cutover" name="test_s60_root_bound_operations_serialize_process_cwd_across_roots" time="0.102" /><testcase classname="tests.cli_runtime.test_distribution_cutover" name="test_i369_fresh_entrypoint_matrix_provisions_all_workspace_states[operation1-preserved]" time="4.648" /><testcase classname="tests.cli_runtime.test_distribution_cutover" name="test_i369_fresh_entrypoint_matrix_provisions_all_workspace_states[operation2-empty]" time="5.127" /><testcase classname="tests.cli_runtime.test_distribution_cutover" name="test_s40b_provider_scaffold_excludes_removed_docs_and_templates" time="0.038" /><testcase classname="tests.cli_runtime.test_distribution_cutover" name="test_s45_fresh_preserves_legacy_named_workflow_without_ownership_proof[file]" time="4.403" /><testcase classname="tests.cli_runtime.test_distribution_cutover" name="test_s45_fresh_adopts_identical_current_assets_without_rewriting_them" time="4.990" /><testcase classname="tests.cli_runtime.test_distribution_cutover" name="test_s45_fresh_preserves_same_bytes_wrong_mode_hard_link_current_asset" time="0.111" /><testcase classname="tests.cli_runtime.test_distribution_cutover" name="test_s45_make_readonly_tree_rejects_symlink_without_external_chmod" time="0.001" /><testcase classname="tests.cli_runtime.test_distribution_cutover" name="test_s50_update_and_force_restore_missing_non_anchor_scaffold_directories" time="18.622" /><testcase classname="tests.cli_runtime.test_distribution_cutover" name="test_s50_update_preflights_required_nested_runtime_before_distribution_write" time="0.212" /><testcase classname="tests.cli_runtime.test_distribution_cutover" name="test_s60_marker_published_before_temporary_cleanup_failure_is_partial" time="4.665" /><testcase classname="tests.cli_runtime.test_distribution_cutover" name="test_s50_update_unknown_current_collision_is_zero_write" time="0.234" /><testcase classname="tests.cli_runtime.test_distribution_cutover" name="test_s50_force_init_unknown_current_collision_is_zero_write" time="5.303" /><testcase classname="tests.cli_runtime.test_distribution_cutover" name="test_s50_update_scaffold_boundary_collision_is_zero_write[symlink-scripts]" time="0.149" /><testcase classname="tests.cli_runtime.test_distribution_cutover" name="test_s50_update_scaffold_boundary_collision_is_zero_write[non_directory-scripts]" time="0.122" /><testcase classname="tests.cli_runtime.test_distribution_cutover" name="test_s55_unproven_legacy_root_entrypoint_is_preserved_and_blocks_zero_write[spec-dock/current-initiative-symlink-init-force]" time="4.545" /><testcase classname="tests.cli_runtime.test_distribution_cutover" name="test_s55_unproven_legacy_root_entrypoint_is_preserved_and_blocks_zero_write[spec-dock/current-issue-symlink-update]" time="5.246" /><testcase classname="tests.cli_runtime.test_distribution_cutover" name="test_s55_unproven_legacy_root_entrypoint_is_preserved_and_blocks_zero_write[spec-dock/current-issue-symlink-init-force]" time="4.987" /><testcase classname="tests.cli_runtime.test_distribution_cutover" name="test_s55_unproven_legacy_root_entrypoint_is_preserved_and_blocks_zero_write[spec-dock/current-issue.path-regular-update]" time="4.753" /><testcase classname="tests.cli_runtime.test_distribution_cutover" name="test_s55_legacy_root_entrypoint_directory_collision_blocks_zero_write[spec-dock/current-epic]" time="5.155" /><testcase classname="tests.cli_runtime.test_distribution_cutover" name="test_s55_legacy_root_entrypoint_directory_collision_blocks_zero_write[spec-dock/current-issue]" time="4.879" /><testcase classname="tests.cli_runtime.test_distribution_cutover" name="test_s55_uninstall_preserves_unproven_legacy_root_entrypoint_and_blocks" time="0.227" /><testcase classname="tests.cli_runtime.test_distribution_cutover" name="test_s55_update_prunes_known_legacy_and_preserves_node_local_data" time="7.263" /><testcase classname="tests.cli_runtime.test_distribution_cutover" name="test_s60_marker_removal_failure_reports_marker_finalization_target[fresh]" time="4.821" /><testcase classname="tests.cli_runtime.test_distribution_cutover" name="test_i368_journal_removal_failure_is_forward_recoverable[update]" time="11.552" /><testcase classname="tests.cli_runtime.test_distribution_cutover" name="test_i368_journal_removal_failure_is_forward_recoverable[init-force]" time="11.392" /><testcase classname="tests.cli_runtime.test_distribution_cutover" name="test_s60_distribution_retry_command_runs_for_special_explicit_target" time="5.274" /><testcase classname="tests.cli_runtime.test_distribution_cutover" name="test_s60_atomic_regular_file_does_not_replace_racing_destination" time="0.001" /><testcase classname="tests.cli_runtime.test_distribution_cutover" name="test_s60_atomic_retry_rejects_hard_link_replacement_before_truncate" time="0.001" /><testcase classname="tests.cli_runtime.test_distribution_cutover" name="test_s60_obsolete_prune_fault_reports_applied_and_pending_paths" time="6.169" /><testcase classname="tests.cli_runtime.test_distribution_cutover" name="test_s60_fresh_retry_blocks_workbench_symlink_seed" time="4.920" /><testcase classname="tests.cli_runtime.test_distribution_cutover" name="test_s60_fresh_retry_adopts_provider_identical_workbench_seed" time="5.309" /><testcase classname="tests.cli_runtime.test_distribution_cutover" name="test_s50_update_preserves_symlinked_root_workbench" time="0.184" /><testcase classname="tests.cli_runtime.test_distribution_cutover" name="test_s60_scaffold_failure_keeps_marker_and_old_version_and_sanitizes_diagnostic" time="5.730" /><testcase classname="tests.cli_runtime.test_distribution_cutover" name="test_s65_uninstall_generated_root_type_collision_is_zero_write[spec-dock/active]" time="0.213" /><testcase classname="tests.cli_runtime.test_distribution_cutover" name="test_s65_uninstall_invalid_version_is_zero_write" time="0.215" /><testcase classname="tests.cli_runtime.test_distribution_cutover" name="test_s65_uninstall_dry_run_surfaces_known_obsolete_identity" time="0.244" /><testcase classname="tests.cli_runtime.test_distribution_cutover" name="test_s70_keep_specs_uninstall_allows_reinit_without_losing_history" time="64.703" /><testcase classname="tests.cli_runtime.test_distribution_cutover" name="test_s70_uninstall_apply_blocks_symlink_inside_managed_scaffold_before_marker" time="0.169" /><testcase classname="tests.cli_runtime.test_distribution_cutover" name="test_s70_uninstall_apply_rejects_same_target_symlink_replacement_after_plan" time="0.310" /><testcase classname="tests.cli_runtime.test_distribution_cutover" name="test_s70_uninstall_remove_specs_blocks_unsafe_descendant_before_marker_write" time="0.103" /><testcase classname="tests.cli_runtime.test_distribution_cutover" name="test_s70_uninstall_apply_blocks_mixed_known_obsolete_and_unknown_before_mutation" time="0.211" /><testcase classname="tests.cli_runtime.test_distribution_cutover" name="test_s70_uninstall_partial_failure_json_maps_typed_safe_result" time="0.001" /><testcase classname="tests.cli_runtime.test_distribution_cutover" name="test_s70_uninstall_existing_partial_marker_is_rejected_before_reuse" time="0.034" /><testcase classname="tests.cli_runtime.test_distribution_cutover" name="test_i370_uninstall_routes_default_and_keep_only_to_deprovision_service" time="0.003" /><testcase classname="tests.cli_runtime.test_distribution_cutover" name="test_i370_uninstall_non_directory_target_error_is_stable_and_path_free[json-missing-missing-target-False]" time="0.001" /><testcase classname="tests.cli_runtime.test_distribution_cutover" name="test_i370_uninstall_non_directory_target_error_is_stable_and_path_free[text-missing-missing-target-False]" time="0.001" /><testcase classname="tests.cli_runtime.test_distribution_cutover" name="test_i370_uninstall_text_uses_typed_payload_section_order" time="0.000" /><testcase classname="tests.cli_runtime.test_import.TestCliImport" name="test_import_initiative_creates_node_and_runs_sync_without_updating_active" time="0.515" /><testcase classname="tests.cli_runtime.test_import.TestCliImport" name="test_import_accepts_number_hash_and_url_equivalently[#123]" time="1.257" /><testcase classname="tests.cli_runtime.test_import.TestCliImport" name="test_import_rejects_non_canonical_url_like_target" time="0.995" /><testcase classname="tests.cli_runtime.test_import.TestCliImport" name="test_import_accepts_canonical_url_when_origin_is_credentialed_https_remote" time="1.034"><failure message="AssertionError: error: Cannot verify GitHub URL repository against current repo. spec-dock import enforces single-repo GitHub-backed identity for GitHub issue URL imports (target repo=example/repo), and '--allow-foreign-url' no longer enables node import.&#10;  &#10;assert 1 == 0&#10; +  where 1 = CompletedProcess(args=['/Volumes/990p2t/workspace/worktrees/spec-dock/iss-00370-with-baseline/.venv/bin/python3', '/va...y for GitHub issue URL imports (target repo=example/repo), and '--allow-foreign-url' no longer enables node import.\n&quot;).returncode">self = &lt;tests.cli_runtime.test_import.TestCliImport object at 0x10bcc81a0&gt;

    def test_import_accepts_canonical_url_when_origin_is_credentialed_https_remote(self) -&gt; None:
        if os.name == "nt":
            pytest.skip("This test uses a bash stub for gh; skip on Windows.")
        if shutil.which("git") is None:
            pytest.skip("git not available")
    
        with tempfile.TemporaryDirectory() as tmp:
            target = Path(tmp)
            assert main(["init", str(target)]) == 0
            self._create_linked_parents(target)
            self._run_git(
                target,
                ["remote", "set-url", "origin", "https://token@github.com/example/repo.git"],
            )
    
            bin_dir = target / ".bin"
            bin_dir.mkdir(parents=True, exist_ok=True)
            self._make_gh_issue_view_stub(bin_dir)
            test_env = {"PATH": f"{bin_dir}{os.pathsep}{os.environ.get('PATH', '')}"}
    
            p = self._run_runtime_capture(
                target,
                [
                    "import",
                    "issue",
                    "https://github.com/example/repo/issues/123",
                    "--title",
                    "Imported issue",
                    "--epic",
                    "epic-00002",
                ],
                env=test_env,
            )
&gt;           assert p.returncode == 0, p.stdout + p.stderr
E           AssertionError: error: Cannot verify GitHub URL repository against current repo. spec-dock import enforces single-repo GitHub-backed identity for GitHub issue URL imports (target repo=example/repo), and '--allow-foreign-url' no longer enables node import.
E             
E           assert 1 == 0
E            +  where 1 = CompletedProcess(args=['/Volumes/990p2t/workspace/worktrees/spec-dock/iss-00370-with-baseline/.venv/bin/python3', '/va...y for GitHub issue URL imports (target repo=example/repo), and '--allow-foreign-url' no longer enables node import.\n").returncode

tests/cli_runtime/test_import.py:649: AssertionError</failure></testcase><testcase classname="tests.cli_runtime.test_import.TestCliImport" name="test_import_parent_fallback_errors_on_stale_active" time="0.968" /><testcase classname="tests.cli_runtime.test_import.TestCliImport" name="test_import_persists_current_repo_scope_when_origin_is_resolved" time="0.996" /><testcase classname="tests.cli_runtime.test_import.TestCliImport" name="test_import_rejects_foreign_repo_when_current_repo_is_resolved" time="1.182" /><testcase classname="tests.cli_runtime.test_import.TestCliImport" name="test_import_fails_when_sync_preflight_fails" time="1.125" /><testcase classname="tests.cli_runtime.test_import.TestCliImport" name="test_import_aborts_without_local_changes_when_gh_issue_view_returns_non_json" time="1.221" /><testcase classname="tests.cli_runtime.test_issue_lifecycle.TestIssueLifecycleApplication" name="test_issue_start_active_write_failure_reports_branch_side_effect_and_skips_sync" time="0.001" /><testcase classname="tests.cli_runtime.test_issue_lifecycle.TestIssueLifecycleApplication" name="test_issue_finish_sync_failure_returns_closed_cleared_stale_result" time="0.000" /><testcase classname="tests.cli_runtime.test_issue_lifecycle.TestCliIssueLifecycle" name="test_issue_start_blocks_different_open_issue_from_active_issue_branch" time="2.569" /><testcase classname="tests.cli_runtime.test_issue_lifecycle.TestCliIssueLifecycle" name="test_issue_start_force_bypasses_unknown_active_guard_when_dependencies_are_ready" time="2.754" /><testcase classname="tests.cli_runtime.test_issue_lifecycle.TestCliIssueLifecycle" name="test_issue_start_force_does_not_bypass_node_level_dependency_guard" time="3.018" /><testcase classname="tests.cli_runtime.test_issue_lifecycle.TestCliIssueLifecycle" name="test_issue_start_force_switches_when_dependency_ready_and_warns" time="2.740" /><testcase classname="tests.cli_runtime.test_issue_lifecycle.TestCliIssueLifecycle" name="test_core_operations_legacy_evidence_mutation_invariance[thin_report]" time="7.519" /><testcase classname="tests.cli_runtime.test_issue_lifecycle.TestCliIssueLifecycle" name="test_core_operations_legacy_evidence_mutation_invariance[heavy_report]" time="7.764" /><testcase classname="tests.cli_runtime.test_issue_lifecycle.TestCliIssueLifecycle" name="test_core_operations_legacy_evidence_mutation_invariance[legacy_active_extra_fields]" time="7.443" /><testcase classname="tests.cli_runtime.test_issue_lifecycle.TestCliIssueLifecycle" name="test_core_operations_legacy_evidence_mutation_invariance[draft_artifact]" time="7.320" /><testcase classname="tests.cli_runtime.test_issue_lifecycle.TestCliIssueLifecycle" name="test_issue_finish_closes_open_issue_and_clears_active" time="1.737" /><testcase classname="tests.cli_runtime.test_issue_lifecycle.TestCliIssueLifecycle" name="test_issue_finish_failures_leave_active_unchanged" time="2.730" /><testcase classname="tests.cli_runtime.test_new.TestCliNew" name="test_new_issue_auto_syncs_index_and_dashboard" time="1.144" /><testcase classname="tests.cli_runtime.test_new.TestCliNew" name="test_new_rejects_duplicate_id_width_agnostic" time="1.052" /><testcase classname="tests.cli_runtime.test_new.TestCliNew" name="test_new_rejects_uppercase_slug" time="0.229" /><testcase classname="tests.cli_runtime.test_new.TestCliNew" name="test_new_nodes_create_rules_symlinks_without_wrappers" time="0.000"><skipped type="pytest.skip" message="S06 replacement: tests.unit.commands.test_runtime_new_s08 covers create-plan rules symlink materialization.">/Volumes/990p2t/workspace/worktrees/spec-dock/iss-00370-with-baseline/tests/cli_runtime/test_new.py:672: S06 replacement: tests.unit.commands.test_runtime_new_s08 covers create-plan rules symlink materialization.</skipped></testcase><testcase classname="tests.cli_runtime.test_new.TestCliNew" name="test_issue_359_grill_route_creates_exactly_one_artifact_without_scope_mutation[interview-template: &quot;interview&quot;-authority: &quot;evidence&quot;-## Question\n\n- Final question\n\n## Answer\n\n- Final answer\n\n## Reflection\n\n- Final reflection\n]" time="1.521" /><testcase classname="tests.cli_runtime.test_new.TestCliNew" name="test_issue_359_artifact_input_failures_are_zero_write[artifact_args1]" time="1.104" /><testcase classname="tests.cli_runtime.test_new.TestCliNew" name="test_new_artifact_malformed_artifact_candidates_block_but_discussions_do_not" time="1.295" /><testcase classname="tests.cli_runtime.test_new.TestCliNew" name="test_new_artifact_blank_rejects_ambiguous_supported_type_slug_before_setup" time="2.486" /><testcase classname="tests.cli_runtime.test_new.TestCliNew" name="test_new_artifact_rejects_unexpected_sequence_override_option" time="0.266" /><testcase classname="tests.cli_runtime.test_new.TestCliNew" name="test_new_artifact_rejects_unknown_type" time="0.270" /><testcase classname="tests.cli_runtime.test_new.TestCliNew" name="test_new_rejects_invalid_title_before_gh_issue_create" time="0.264" /><testcase classname="tests.cli_runtime.test_new.TestCliNew" name="test_new_issue_create_github_issue_flag_alias_is_accepted" time="1.644" /><testcase classname="tests.cli_runtime.test_post_mutation_sync_s01.TestPostMutationSyncS01" name="test_tc_s01_002_exception_outcome_does_not_erase_mutation_success" time="0.000" /><testcase classname="tests.cli_runtime.test_post_mutation_sync_s01.TestPostMutationSyncS01" name="test_tc_s01_006_request_policy_uses_github_no_branch_update_and_no_migrate" time="0.000" /><testcase classname="tests.cli_runtime.test_runtime_active_s05.TestRuntimeActiveS05" name="test_context_pack_marks_proposed_active_artifact_non_authoritative" time="0.017"><failure message="TypeError: ActiveManifestEntry.__init__() got an unexpected keyword argument 'authority'">self = &lt;tests.cli_runtime.test_runtime_active_s05.TestRuntimeActiveS05 object at 0x10bcf1220&gt;

    def test_context_pack_marks_proposed_active_artifact_non_authoritative(self) -&gt; None:
        _runtime_app, _app_contracts, _app_ports, app_set_active, infra_active_store, infra_contracts, _cli = (
            _runtime_modules()
        )
        manifest = infra_contracts.ActiveManifest(
            initiative=None,
            epic=None,
&gt;           issue=infra_contracts.ActiveManifestEntry(
                id="iss-local-00001",
                path="spec-dock/initiatives/init-local-00001/epics/epic-local-00001/issues/iss-local-00001",
                authority="proposed",
                grants=("review_input", "planning_input", "implementation_start", "issue_finish"),
                promotion_record={
                    "status": "approved",
                    "authority": "approved",
                    "source_revision": "active:iss-local-00001",
                    "approved_revision": "active:iss-local-00001",
                    "approved_hash": "active:iss-local-00001",
                    "reviewer_target_hash": "active:iss-local-00001",
                    "promotion_decision": "main_orchestrator_promotion",
                },
            ),
        )
E       TypeError: ActiveManifestEntry.__init__() got an unexpected keyword argument 'authority'

tests/cli_runtime/test_runtime_active_s05.py:113: TypeError</failure></testcase><testcase classname="tests.cli_runtime.test_runtime_active_s05.TestRuntimeActiveS05" name="test_load_active_manifest_legacy_priority_and_no_write_back" time="0.002" /><testcase classname="tests.cli_runtime.test_runtime_active_s05.TestRuntimeActiveS05" name="test_legacy_absolute_agent_manifest_prefers_trailing_specdock_segment" time="0.002" /><testcase classname="tests.cli_runtime.test_runtime_active_s06.TestRuntimeActiveS06" name="test_set_active_blocked_without_force_fails_before_snapshot" time="0.001"><failure message="Failed: DID NOT RAISE &lt;class 'RuntimeError'&gt;">self = &lt;tests.cli_runtime.test_runtime_active_s06.TestRuntimeActiveS06 object at 0x10bd4ba70&gt;

    def test_set_active_blocked_without_force_fails_before_snapshot(self) -&gt; None:
        app_contracts, _app_ports, app_set_active, _infra_contracts = _runtime_modules()
        ports = self._ports(
            issue_depends_on_map={"iss-local-00001": ["iss-local-00002"], "iss-local-00002": []},
            statuses={"iss-local-00001": "open", "iss-local-00002": "open"},
        )
        req = app_contracts.SetActiveRequest(
            target=app_contracts.TargetRef(kind="node_id", node_id="iss-local-00001", github_issue_number=None),
            force=False,
            checkout=False,
            use_github=False,
            issue_limit=10000,
        )
&gt;       with pytest.raises(RuntimeError, match="active set blocked"):
             ^^^^^^^^^^^^^^^^^^^^^^^^^^^^^^^^^^^^^^^^^^^^^^^^^^^^^^^
E       Failed: DID NOT RAISE &lt;class 'RuntimeError'&gt;

tests/cli_runtime/test_runtime_active_s06.py:275: Failed</failure></testcase><testcase classname="tests.cli_runtime.test_runtime_active_s06.TestRuntimeActiveS06" name="test_set_active_github_resolves_current_unscoped_issue_with_current_repo_slug" time="0.000"><failure message="Failed: DID NOT RAISE &lt;class 'RuntimeError'&gt;">self = &lt;tests.cli_runtime.test_runtime_active_s06.TestRuntimeActiveS06 object at 0x10bd745c0&gt;

    def test_set_active_github_resolves_current_unscoped_issue_with_current_repo_slug(self) -&gt; None:
        app_contracts, _app_ports, app_set_active, infra_contracts = _runtime_modules()
        records = [
            _record(
                infra_contracts,
                kind="initiative",
                node_id="init-local-00001",
                parent_id=None,
                initiative_id=None,
                epic_id=None,
                github_issue_number=None,
            ),
            _record(
                infra_contracts,
                kind="epic",
                node_id="epic-local-00001",
                parent_id="init-local-00001",
                initiative_id="init-local-00001",
                epic_id=None,
                github_issue_number=None,
            ),
            _record(
                infra_contracts,
                kind="issue",
                node_id="iss-local-00001",
                parent_id="epic-local-00001",
                initiative_id="init-local-00001",
                epic_id="epic-local-00001",
                github_issue_number=123,
            ),
            _record(
                infra_contracts,
                kind="issue",
                node_id="iss-local-00002",
                parent_id="epic-local-00001",
                initiative_id="init-local-00001",
                epic_id="epic-local-00001",
                github_issue_number=None,
            ),
            _record(
                infra_contracts,
                kind="issue",
                node_id="iss-local-00003",
                parent_id="epic-local-00001",
                initiative_id="init-local-00001",
                epic_id="epic-local-00001",
                github_issue_number=123,
                github_repo_owner="other",
                github_repo_name="repo",
            ),
        ]
        issue_gateway = _StubIssueGateway(
            snapshots=[
                SimpleNamespace(
                    issue_number=123,
                    state="OPEN",
                    title="current #123",
                    labels=[],
                    updated_at="2026-03-19T00:00:00Z",
                    url="https://github.com/current/repo/issues/123",
                    repo_owner="current",
                    repo_name="repo",
                )
            ],
            foreign_snapshots={
                ("other/repo", 123): SimpleNamespace(
                    issue_number=123,
                    state="CLOSED",
                    title="foreign #123",
                    labels=[],
                    updated_at="2026-03-19T00:00:01Z",
                    url="https://github.com/other/repo/issues/123",
                    repo_owner="other",
                    repo_name="repo",
                )
            },
        )
        ports = self._ports(
            issue_depends_on_map={
                "iss-local-00001": [],
                "iss-local-00002": ["iss-local-00001"],
                "iss-local-00003": [],
            },
            statuses={},
            issue_gateway=issue_gateway,
            git_gateway=_StubGitGateway(origin_repo_slug="current/repo"),
            records=records,
        )
        req = app_contracts.SetActiveRequest(
            target=app_contracts.TargetRef(kind="node_id", node_id="iss-local-00002", github_issue_number=None),
            force=False,
            checkout=False,
            use_github=True,
            issue_limit=10000,
        )
&gt;       with pytest.raises(RuntimeError) as cm:
             ^^^^^^^^^^^^^^^^^^^^^^^^^^^
E       Failed: DID NOT RAISE &lt;class 'RuntimeError'&gt;

tests/cli_runtime/test_runtime_active_s06.py:453: Failed</failure></testcase><testcase classname="tests.cli_runtime.test_runtime_active_s06.TestRuntimeActiveS06" name="test_set_active_github_prefers_foreign_snapshot_under_same_number_collision" time="0.001"><failure message="AssertionError: assert [] == [('/repo', 10000)]&#10;  &#10;  Right contains one more item: ('/repo', 10000)&#10;  Use -v to get more diff">self = &lt;tests.cli_runtime.test_runtime_active_s06.TestRuntimeActiveS06 object at 0x10bd76900&gt;

    def test_set_active_github_prefers_foreign_snapshot_under_same_number_collision(self) -&gt; None:
        app_contracts, _app_ports, app_set_active, infra_contracts = _runtime_modules()
        records = [
            _record(
                infra_contracts,
                kind="initiative",
                node_id="init-local-00001",
                parent_id=None,
                initiative_id=None,
                epic_id=None,
                github_issue_number=101,
                github_repo_owner="upstream",
                github_repo_name="product",
            ),
            _record(
                infra_contracts,
                kind="epic",
                node_id="epic-local-00001",
                parent_id="init-local-00001",
                initiative_id="init-local-00001",
                epic_id=None,
                github_issue_number=None,
            ),
            _record(
                infra_contracts,
                kind="issue",
                node_id="iss-local-00001",
                parent_id="epic-local-00001",
                initiative_id="init-local-00001",
                epic_id="epic-local-00001",
                github_issue_number=123,
                github_repo_owner="other",
                github_repo_name="repo",
            ),
            _record(
                infra_contracts,
                kind="issue",
                node_id="iss-local-00002",
                parent_id="epic-local-00001",
                initiative_id="init-local-00001",
                epic_id="epic-local-00001",
                github_issue_number=None,
            ),
        ]
        issue_gateway = _StubIssueGateway(
            snapshots=[
                SimpleNamespace(
                    issue_number=101,
                    state="OPEN",
                    title="current repo #101",
                    labels=[],
                    updated_at="2026-03-18T00:00:00Z",
                    url="https://github.com/current/repo/issues/101",
                    repo_owner="current",
                    repo_name="repo",
                ),
                SimpleNamespace(
                    issue_number=123,
                    state="OPEN",
                    title="current repo #123",
                    labels=[],
                    updated_at="2026-03-18T00:00:00Z",
                    url="https://github.com/current/repo/issues/123",
                    repo_owner="current",
                    repo_name="repo",
                ),
            ],
            foreign_snapshots={
                ("upstream/product", 101): SimpleNamespace(
                    issue_number=101,
                    state="OPEN",
                    title="foreign init #101",
                    labels=[],
                    updated_at="2026-03-18T00:10:00Z",
                    url="https://github.com/upstream/product/issues/101",
                    repo_owner="upstream",
                    repo_name="product",
                ),
                ("other/repo", 123): SimpleNamespace(
                    issue_number=123,
                    state="CLOSED",
                    title="foreign #123",
                    labels=[],
                    updated_at="2026-03-18T01:00:00Z",
                    url="https://github.com/other/repo/issues/123",
                    repo_owner="other",
                    repo_name="repo",
                ),
            },
        )
        ports = self._ports(
            issue_depends_on_map={"iss-local-00001": [], "iss-local-00002": ["iss-local-00001"]},
            statuses={},
            issue_gateway=issue_gateway,
            records=records,
        )
        req = app_contracts.SetActiveRequest(
            target=app_contracts.TargetRef(kind="node_id", node_id="iss-local-00002", github_issue_number=None),
            force=False,
            checkout=False,
            use_github=True,
            issue_limit=10000,
        )
        result = app_set_active.set_active(req, ports)
    
        assert result.manifest_written
        assert result.selection.issue_id == "iss-local-00002"
&gt;       assert issue_gateway.calls == [("/repo", 10000)]
E       AssertionError: assert [] == [('/repo', 10000)]
E         
E         Right contains one more item: ('/repo', 10000)
E         Use -v to get more diff

tests/cli_runtime/test_runtime_active_s06.py:793: AssertionError</failure></testcase><testcase classname="tests.cli_runtime.test_runtime_active_s06.TestRuntimeActiveS06" name="test_clear_active_uses_patch_manifest_none" time="0.000" /><testcase classname="tests.cli_runtime.test_runtime_close_s12.TestRuntimeCloseS12" name="test_close_node_allows_explicit_issue_target_when_target_is_not_active" time="0.000" /><testcase classname="tests.cli_runtime.test_runtime_close_s12.TestRuntimeCloseS12" name="test_close_node_non_cascade_for_epic_target" time="0.000" /><testcase classname="tests.cli_runtime.test_runtime_close_s12.TestRuntimeCloseS12" name="test_close_node_github_issue_target_raises_for_ambiguous_unscoped_match" time="0.000" /><testcase classname="tests.cli_runtime.test_runtime_close_s12.TestRuntimeCloseS12" name="test_issue_close_raw_adds_repo_scope_and_reloads_snapshot" time="0.000" /><testcase classname="tests.cli_runtime.test_runtime_delete_s13.TestRuntimeDeleteS13" name="test_selector_multiple_returns_invalid_selector_combination" time="0.003" /><testcase classname="tests.cli_runtime.test_runtime_delete_s13.TestRuntimeDeleteS13" name="test_ambiguous_target_for_github_issue" time="0.002" /><testcase classname="tests.cli_runtime.test_runtime_delete_s13.TestRuntimeDeleteS13" name="test_dependency_conflict" time="0.009" /><testcase classname="tests.cli_runtime.test_runtime_delete_s13.TestRuntimeDeleteS13" name="test_subtree_internal_dependency_is_not_conflict" time="0.011" /><testcase classname="tests.cli_runtime.test_runtime_delete_s13.TestRuntimeDeleteS13" name="test_force_does_not_override_missing_target_recursive_yes" time="0.004" /><testcase classname="tests.cli_runtime.test_runtime_delete_s13.TestRuntimeDeleteS13" name="test_target_local_metadata_load_failure_is_normalized_before_graph_build" time="0.004" /><testcase classname="tests.cli_runtime.test_runtime_delete_s13.TestRuntimeDeleteS13" name="test_parent_recursive_delete_aborts_local_delete_when_remote_close_barrier_fails" time="0.010" /><testcase classname="tests.cli_runtime.test_runtime_delete_s13.TestRuntimeDeleteS13" name="test_parent_recursive_local_delete_partial_failure_reports_progress" time="0.024" /><testcase classname="tests.cli_runtime.test_runtime_delete_s13.TestRuntimeDeleteS13" name="test_recursive_delete_detects_numeric_raw_ref_to_empty_deleted_container" time="0.020" /><testcase classname="tests.cli_runtime.test_runtime_delete_s13.TestRuntimeDeleteS13" name="test_forced_recursive_delete_fallback_scrubs_mixed_direct_and_url_refs_to_deleted_subtree" time="0.004" /><testcase classname="tests.cli_runtime.test_runtime_delete_s13.TestRuntimeDeleteS13" name="test_forced_parent_delete_dependency_scrub_failure_returns_partial_failure" time="0.003" /><testcase classname="tests.cli_runtime.test_runtime_delete_s13.TestRuntimeDeleteS13" name="test_issue_target_local_delete_failure_after_remote_close_returns_partial_failure" time="0.009" /><testcase classname="tests.cli_runtime.test_runtime_delete_s13.TestRuntimeDeleteS13" name="test_forced_issue_delete_returns_partial_failure_when_clear_active_fails_after_local_delete" time="0.009" /><testcase classname="tests.cli_runtime.test_runtime_delete_s13.TestRuntimeDeleteS13" name="test_delete_json_field_matrix_for_metadata_validation_failed_and_remote_close_failed" time="0.002" /><testcase classname="tests.cli_runtime.test_runtime_deps_s04.TestRuntimeDepsS04" name="test_collect_sync_state_carries_raw_direct_dependencies" time="0.005" /><testcase classname="tests.cli_runtime.test_runtime_deps_s04.TestRuntimeDepsS04" name="test_check_deps_use_case_and_cycle_fail_fast" time="0.001" /><testcase classname="tests.cli_runtime.test_runtime_deps_s04.TestRuntimeDepsS04" name="test_check_deps_falls_back_to_current_repo_view_for_unscoped_linked_epic_when_index_missing_key" time="0.000" /><testcase classname="tests.cli_runtime.test_runtime_deps_s04.TestRuntimeDepsS04" name="test_legacy_deps_path_delegates_and_exit_codes" time="0.008" /><testcase classname="tests.cli_runtime.test_runtime_deps_s04.TestRuntimeDepsS04" name="test_legacy_deps_remove_path_delegates_and_exit_code_zero" time="0.002" /><testcase classname="tests.cli_runtime.test_runtime_deps_s04.TestRuntimeDepsS04" name="test_fs_repo_remove_issue_dependency_supports_shorthand_matching_refs" time="0.002" /><testcase classname="tests.cli_runtime.test_runtime_deps_s04.TestRuntimeDepsS04" name="test_fs_repo_atomic_lock_failure_maps_to_write_failed_lock_and_preserves_original" time="0.002" /><testcase classname="tests.cli_runtime.test_runtime_doctor_s04.TestRuntimeDoctorS04" name="test_doctor_command_surface_rejects_malformed_github_targets[args0]" time="0.001" /><testcase classname="tests.cli_runtime.test_runtime_doctor_s04.TestRuntimeDoctorS04" name="test_doctor_without_github_target_skips_capability_probe_without_structural_failure" time="0.004" /><testcase classname="tests.cli_runtime.test_runtime_doctor_s04.TestRuntimeDoctorS04" name="test_github_capability_cli_classifies_unknown_json_field_as_schema_unavailable[Unknown JSON field: &quot;statusCheckRollup&quot;]" time="0.000" /><testcase classname="tests.cli_runtime.test_runtime_doctor_s04.TestRuntimeDoctorS04" name="test_issue_222_s05_github_capability_cli_extended_does_not_probe_merge_blocker_metadata" time="0.000" /><testcase classname="tests.cli_runtime.test_runtime_doctor_s04.TestRuntimeDoctorS04" name="test_doctor_detects_missing_artifact" time="0.003" /><testcase classname="tests.cli_runtime.test_runtime_doctor_s04.TestRuntimeDoctorS04" name="test_doctor_detects_malformed_discussion_doc_filename_from_repo_backed_validation" time="0.012" /><testcase classname="tests.cli_runtime.test_runtime_doctor_s04.TestRuntimeDoctorS04" name="test_doctor_detects_legacy_unscoped_github_linkage_when_current_repo_is_resolved" time="0.004" /><testcase classname="tests.cli_runtime.test_runtime_doctor_s04.TestRuntimeDoctorS04" name="test_doctor_skips_stale_active_pointer_id_check_when_graph_is_unavailable" time="0.003" /><testcase classname="tests.cli_runtime.test_runtime_doctor_s04.TestRuntimeDoctorS04" name="test_doctor_detects_stale_active_pointer_id_mismatch_when_graph_ids_are_empty" time="0.001" /><testcase classname="tests.cli_runtime.test_runtime_doctor_s04.TestRuntimeDoctorS04" name="test_doctor_detects_non_stale_create_lock_contention" time="0.004" /><testcase classname="tests.cli_runtime.test_runtime_doctor_s04.TestRuntimeDoctorS04" name="test_issue_78_main_doctor_reaches_legacy_only_workspace_guidance" time="0.003" /><testcase classname="tests.cli_runtime.test_runtime_import_s10.TestRuntimeImportS10" name="test_parent_fallback_regression" time="0.008"><failure message="RuntimeError: Outcome: import_local_write_fail. '_StubTemplateScaffolder' object has no attribute 'copy_scaffolded_tree_at' Recovery: rerun `/private/var/folders/0v/jkf8ysk1621277d4xmr584cc0000gn/T/tmpdw3tjm5c/spec-dock/scripts/spec-dock import issue 123 --title 'Add refresh token'`.">plan = CreatePlan(meta=StoredMetaRecord(kind='issue', id='iss-00123', title='Add refresh token', slug='add-refresh-token', pa...atives/init-local-00001-auth-platform/epics/epic-local-00001-jwt-auth/issues/iss-00123-add-refresh-token/.meta.json')])
ports = Ports(node_reader=&lt;tests.cli_runtime.test_runtime_import_s10._StubNodeReader object at 0x10b95bb00&gt;, repo_root=PosixPa...ironment_gateway=None, filesystem_gateway=None, explicit_file_source_guard=None, explicit_file_artifact_publisher=None)

    def execute_create_plan(plan: CreatePlan, ports: Ports) -&gt; list[Path]:
        node_repo = _resolve_node_repo(ports)
        template_scaffolder = _resolve_template_scaffolder(ports)
        specdock_dir = _resolve_specdock_dir(ports)
    
        collisions = [path for path in plan.planned_paths if os.path.lexists(path)]
        if collisions:
            raise RuntimeError(f"Destination already exists: {collisions[0]}")
    
        template_dir = _resolve_template_dir(plan)
        rules_scaffold_specs = _rules_scaffold_specs(
            kind=plan.meta.kind,
            dest_dir=plan.dest_dir,
            specdock_dir=specdock_dir,
        )
        for link_path, target_path in rules_scaffold_specs:
            _validate_rules_symlink_preflight(link_path=link_path, target_path=target_path)
        if os.path.lexists(plan.dest_dir):
            raise RuntimeError(f"Destination already exists: {plan.dest_dir}")
        _require_node_tree_no_replace_rename_capability()
        _preflight_rules_symlink_creation_capability(rules_scaffold_specs)
    
        destination_parent_fd: int | None = None
        destination_parent_identity: tuple[int, int] | None = None
        outer_name = f".{plan.dest_dir.name}.transaction-{uuid.uuid4().hex}"
        outer_created = False
        outer_fd: int | None = None
        outer_identity: tuple[int, int] | None = None
        payload_created = False
        payload_fd: int | None = None
        payload_identity: tuple[int, int] | None = None
        committed = False
        try:
            plan.dest_dir.parent.mkdir(parents=True, exist_ok=True)
            destination_parent_fd = os.open(
                plan.dest_dir.parent,
                os.O_RDONLY | os.O_DIRECTORY | getattr(os, "O_NOFOLLOW", 0),
            )
            parent_stat = os.fstat(destination_parent_fd)
            destination_parent_identity = (parent_stat.st_dev, parent_stat.st_ino)
            os.mkdir(outer_name, mode=0o700, dir_fd=destination_parent_fd)
            outer_created = True
            outer_fd = os.open(
                outer_name,
                os.O_RDONLY | os.O_DIRECTORY | getattr(os, "O_NOFOLLOW", 0),
                dir_fd=destination_parent_fd,
            )
            outer_identity = _verified_directory_identity_at(destination_parent_fd, outer_name, outer_fd)
            os.fchmod(outer_fd, 0o700)
            os.mkdir("payload", dir_fd=outer_fd)
            payload_created = True
            payload_fd = os.open(
                "payload",
                os.O_RDONLY | os.O_DIRECTORY | getattr(os, "O_NOFOLLOW", 0),
                dir_fd=outer_fd,
            )
            payload_identity = _verified_directory_identity_at(outer_fd, "payload", payload_fd)
&gt;           created_paths = template_scaffolder.copy_scaffolded_tree_at(
                            ^^^^^^^^^^^^^^^^^^^^^^^^^^^^^^^^^^^^^^^^^^^
                src_dir=template_dir,
                dest_dir=plan.dest_dir,
                dest_dir_fd=payload_fd,
                replacements=plan.replacements,
            )
E           AttributeError: '_StubTemplateScaffolder' object has no attribute 'copy_scaffolded_tree_at'. Did you mean: 'copy_scaffolded_tree'?

src/spec_dock/assets/spec_dock/scripts/spec_dock_runtime/application/create_node.py:1150: AttributeError

The above exception was the direct cause of the following exception:

req = ImportNodeRequest(issue_number=123, title='Add refresh token', slug='add-refresh-token', parent_id=None, target_repo_owner=None, target_repo_name=None, allow_foreign_url=False)
ports = Ports(node_reader=&lt;tests.cli_runtime.test_runtime_import_s10._StubNodeReader object at 0x10b95bb00&gt;, repo_root=PosixPa...ironment_gateway=None, filesystem_gateway=None, explicit_file_source_guard=None, explicit_file_artifact_publisher=None)

    def import_node_core(
        req: ImportNodeRequest,
        ports: Ports,
        *,
        kind: Literal["initiative", "epic", "issue"],
    ) -&gt; ImportNodeResult:
        title, slug = resolve_input_title_and_slug(req.title, req.slug)
        req = replace(req, title=title, slug=slug)
    
        current_repo_slug = resolve_current_repo_slug(ports)
        try:
            graph = load_graph(ports, validate=False)
            report = validate_graph_and_deps(
                graph,
                repo_root=_resolve_repo_root(ports),
                current_repo_slug=current_repo_slug,
                enforce_github_mandatory_linkage=False,
            )
            if report.errors:
                raise RuntimeError(report.errors[0])
        except RuntimeError as error:
            raise RuntimeError(f"preflight validate failed: {error}") from error
        try:
            validate_required_artifacts_for_graph(graph, repo_root=ports.repo_root)
        except RuntimeError as error:
            raise RuntimeError(f"preflight validate failed: {error}") from error
    
        issue_number = int(req.issue_number)
        _validate_url_repo_identity(req, current_repo_slug=current_repo_slug)
        _require_numeric_import_repo_scope(
            req,
            current_repo_slug=current_repo_slug,
        )
        specdock_dir = _resolve_specdock_dir(ports)
        today = ports.clock.today() if ports.clock is not None else date.today().isoformat()
        guard_github_issue_uniqueness(
            graph,
            issue_number,
            github_repo_owner=req.target_repo_owner,
            github_repo_name=req.target_repo_name,
            current_repo_slug=current_repo_slug,
        )
        precheck_parent_id = resolve_parent_for_import(req, graph, ports, kind=kind)
        precheck_req = build_linked_create_request(
            req,
            precheck_parent_id,
            current_repo_slug=current_repo_slug,
        )
        precheck_plan = plan_node_creation(
            precheck_req,
            graph,
            kind=kind,
            specdock_dir=specdock_dir,
            today=today,
            current_repo_slug=current_repo_slug,
        )
        precheck_collisions = [path for path in precheck_plan.planned_paths if path.exists()]
        if precheck_collisions:
            raise RuntimeError(f"Destination already exists: {precheck_collisions[0]}")
    
        issue_gateway = _resolve_issue_gateway(ports)
        imported_issue = issue_gateway.issue_view_minimal(
            _resolve_repo_root(ports),
            issue_number,
            repo_slug=_resolve_import_issue_view_repo_slug(req, current_repo_slug=current_repo_slug),
        )
        lock_path, lock_token = _acquire_create_lock(specdock_dir)
        result_node: SpecNode | None = None
        body_error: Exception | None = None
        local_write_phase: CreateWritePhase = "none"
        local_node_id: str | None = None
        try:
            graph = load_graph(ports, validate=False)
            guard_github_issue_uniqueness(
                graph,
                issue_number,
                github_repo_owner=req.target_repo_owner,
                github_repo_name=req.target_repo_name,
                current_repo_slug=current_repo_slug,
            )
            locked_parent_id = resolve_parent_for_import(req, graph, ports, kind=kind)
            create_req = build_linked_create_request(
                req,
                locked_parent_id,
                current_repo_slug=current_repo_slug,
            )
            plan = plan_node_creation(
                create_req,
                graph,
                kind=kind,
                specdock_dir=specdock_dir,
                today=today,
                current_repo_slug=current_repo_slug,
            )
            local_node_id = plan.meta.id
&gt;           execute_create_plan(plan, ports)

src/spec_dock/assets/spec_dock/scripts/spec_dock_runtime/application/import_node.py:397: 
_ _ _ _ _ _ _ _ _ _ _ _ _ _ _ _ _ _ _ _ _ _ _ _ _ _ _ _ _ _ _ _ _ _ _ _ _ _ _ _ 

plan = CreatePlan(meta=StoredMetaRecord(kind='issue', id='iss-00123', title='Add refresh token', slug='add-refresh-token', pa...atives/init-local-00001-auth-platform/epics/epic-local-00001-jwt-auth/issues/iss-00123-add-refresh-token/.meta.json')])
ports = Ports(node_reader=&lt;tests.cli_runtime.test_runtime_import_s10._StubNodeReader object at 0x10b95bb00&gt;, repo_root=PosixPa...ironment_gateway=None, filesystem_gateway=None, explicit_file_source_guard=None, explicit_file_artifact_publisher=None)

    def execute_create_plan(plan: CreatePlan, ports: Ports) -&gt; list[Path]:
        node_repo = _resolve_node_repo(ports)
        template_scaffolder = _resolve_template_scaffolder(ports)
        specdock_dir = _resolve_specdock_dir(ports)
    
        collisions = [path for path in plan.planned_paths if os.path.lexists(path)]
        if collisions:
            raise RuntimeError(f"Destination already exists: {collisions[0]}")
    
        template_dir = _resolve_template_dir(plan)
        rules_scaffold_specs = _rules_scaffold_specs(
            kind=plan.meta.kind,
            dest_dir=plan.dest_dir,
            specdock_dir=specdock_dir,
        )
        for link_path, target_path in rules_scaffold_specs:
            _validate_rules_symlink_preflight(link_path=link_path, target_path=target_path)
        if os.path.lexists(plan.dest_dir):
            raise RuntimeError(f"Destination already exists: {plan.dest_dir}")
        _require_node_tree_no_replace_rename_capability()
        _preflight_rules_symlink_creation_capability(rules_scaffold_specs)
    
        destination_parent_fd: int | None = None
        destination_parent_identity: tuple[int, int] | None = None
        outer_name = f".{plan.dest_dir.name}.transaction-{uuid.uuid4().hex}"
        outer_created = False
        outer_fd: int | None = None
        outer_identity: tuple[int, int] | None = None
        payload_created = False
        payload_fd: int | None = None
        payload_identity: tuple[int, int] | None = None
        committed = False
        try:
            plan.dest_dir.parent.mkdir(parents=True, exist_ok=True)
            destination_parent_fd = os.open(
                plan.dest_dir.parent,
                os.O_RDONLY | os.O_DIRECTORY | getattr(os, "O_NOFOLLOW", 0),
            )
            parent_stat = os.fstat(destination_parent_fd)
            destination_parent_identity = (parent_stat.st_dev, parent_stat.st_ino)
            os.mkdir(outer_name, mode=0o700, dir_fd=destination_parent_fd)
            outer_created = True
            outer_fd = os.open(
                outer_name,
                os.O_RDONLY | os.O_DIRECTORY | getattr(os, "O_NOFOLLOW", 0),
                dir_fd=destination_parent_fd,
            )
            outer_identity = _verified_directory_identity_at(destination_parent_fd, outer_name, outer_fd)
            os.fchmod(outer_fd, 0o700)
            os.mkdir("payload", dir_fd=outer_fd)
            payload_created = True
            payload_fd = os.open(
                "payload",
                os.O_RDONLY | os.O_DIRECTORY | getattr(os, "O_NOFOLLOW", 0),
                dir_fd=outer_fd,
            )
            payload_identity = _verified_directory_identity_at(outer_fd, "payload", payload_fd)
            created_paths = template_scaffolder.copy_scaffolded_tree_at(
                src_dir=template_dir,
                dest_dir=plan.dest_dir,
                dest_dir_fd=payload_fd,
                replacements=plan.replacements,
            )
            created_rule_links: list[Path] = []
            for link_path, target_path in rules_scaffold_specs:
                _create_relative_symlink_at(
                    payload_fd,
                    node_dir=plan.dest_dir,
                    link_path=link_path,
                    target_path=target_path,
                )
                created_rule_links.append(link_path)
            node_repo.write_meta_at(payload_fd, plan.meta)
            if _directory_path_identity(plan.dest_dir.parent) != destination_parent_identity:
                raise RuntimeError(f"Destination parent identity changed before publication: {plan.dest_dir.parent}")
            _verified_directory_identity_at(
                destination_parent_fd,
                outer_name,
                outer_fd,
                expected_identity=outer_identity,
            )
            _verified_directory_identity_at(
                outer_fd,
                "payload",
                payload_fd,
                expected_identity=payload_identity,
            )
            _rename_node_tree_no_replace_between_at(
                outer_fd,
                "payload",
                destination_parent_fd,
                plan.dest_dir.name,
            )
            committed = True
            with contextlib.suppress(OSError, RuntimeError):
                _cleanup_committed_outer_transaction(
                    parent_fd=destination_parent_fd,
                    outer_name=outer_name,
                    outer_identity=outer_identity,
                )
        except Exception as exc:
            if not committed and destination_parent_fd is not None:
                try:
                    _cleanup_node_tree_transaction(
                        parent_fd=destination_parent_fd,
                        outer_name=outer_name,
                        outer_created=outer_created,
                        outer_fd=outer_fd,
                        outer_identity=outer_identity,
                        payload_created=payload_created,
                        payload_fd=payload_fd,
                        payload_identity=payload_identity,
                    )
                except Exception as cleanup_exc:
                    raise CreatePlanExecutionError(
                        phase="scaffold_copied",
                        message=f"{exc}; node scaffold rollback failed: {cleanup_exc}",
                    ) from exc
&gt;           raise CreatePlanExecutionError(phase="none", message=str(exc)) from exc
E           spec_dock_runtime.application.create_node.CreatePlanExecutionError: '_StubTemplateScaffolder' object has no attribute 'copy_scaffolded_tree_at'

src/spec_dock/assets/spec_dock/scripts/spec_dock_runtime/application/create_node.py:1211: CreatePlanExecutionError

The above exception was the direct cause of the following exception:

self = &lt;tests.cli_runtime.test_runtime_import_s10.TestRuntimeImportS10 object at 0x10be71610&gt;

    def test_parent_fallback_regression(self) -&gt; None:
        (
            _runtime_app,
            app_contracts,
            app_import_node,
            app_ports,
            domain_models,
            infra_artifact_writer,
            infra_contracts,
            _presentation_cli_text,
        ) = _runtime_modules()
        with tempfile.TemporaryDirectory() as tmp:
            specdock_dir = Path(tmp) / "spec-dock"
            self._prepare_templates(specdock_dir)
            store = _NodeStore(self._base_records(infra_contracts, specdock_dir))
            manifest = self._active_manifest(
                infra_contracts,
                initiative_id="init-local-00001",
                epic_id="epic-local-00001",
            )
            ports = self._ports(
                app_ports,
                specdock_dir=specdock_dir,
                store=store,
                domain_models=domain_models,
                infra_contracts=infra_contracts,
                active_manifest=manifest,
                artifact_writer=infra_artifact_writer.FileArtifactWriter(),
            )
    
&gt;           result = app_import_node.import_issue(
                app_contracts.ImportNodeRequest(
                    issue_number=123,
                    title="Add refresh token",
                    slug=None,
                    parent_id=None,
                ),
                ports,
            )

tests/cli_runtime/test_runtime_import_s10.py:487: 
_ _ _ _ _ _ _ _ _ _ _ _ _ _ _ _ _ _ _ _ _ _ _ _ _ _ _ _ _ _ _ _ _ _ _ _ _ _ _ _ 
src/spec_dock/assets/spec_dock/scripts/spec_dock_runtime/application/import_node.py:456: in import_issue
    return import_node_core(req, ports, kind="issue")
           ^^^^^^^^^^^^^^^^^^^^^^^^^^^^^^^^^^^^^^^^^^
_ _ _ _ _ _ _ _ _ _ _ _ _ _ _ _ _ _ _ _ _ _ _ _ _ _ _ _ _ _ _ _ _ _ _ _ _ _ _ _ 

req = ImportNodeRequest(issue_number=123, title='Add refresh token', slug='add-refresh-token', parent_id=None, target_repo_owner=None, target_repo_name=None, allow_foreign_url=False)
ports = Ports(node_reader=&lt;tests.cli_runtime.test_runtime_import_s10._StubNodeReader object at 0x10b95bb00&gt;, repo_root=PosixPa...ironment_gateway=None, filesystem_gateway=None, explicit_file_source_guard=None, explicit_file_artifact_publisher=None)

    def import_node_core(
        req: ImportNodeRequest,
        ports: Ports,
        *,
        kind: Literal["initiative", "epic", "issue"],
    ) -&gt; ImportNodeResult:
        title, slug = resolve_input_title_and_slug(req.title, req.slug)
        req = replace(req, title=title, slug=slug)
    
        current_repo_slug = resolve_current_repo_slug(ports)
        try:
            graph = load_graph(ports, validate=False)
            report = validate_graph_and_deps(
                graph,
                repo_root=_resolve_repo_root(ports),
                current_repo_slug=current_repo_slug,
                enforce_github_mandatory_linkage=False,
            )
            if report.errors:
                raise RuntimeError(report.errors[0])
        except RuntimeError as error:
            raise RuntimeError(f"preflight validate failed: {error}") from error
        try:
            validate_required_artifacts_for_graph(graph, repo_root=ports.repo_root)
        except RuntimeError as error:
            raise RuntimeError(f"preflight validate failed: {error}") from error
    
        issue_number = int(req.issue_number)
        _validate_url_repo_identity(req, current_repo_slug=current_repo_slug)
        _require_numeric_import_repo_scope(
            req,
            current_repo_slug=current_repo_slug,
        )
        specdock_dir = _resolve_specdock_dir(ports)
        today = ports.clock.today() if ports.clock is not None else date.today().isoformat()
        guard_github_issue_uniqueness(
            graph,
            issue_number,
            github_repo_owner=req.target_repo_owner,
            github_repo_name=req.target_repo_name,
            current_repo_slug=current_repo_slug,
        )
        precheck_parent_id = resolve_parent_for_import(req, graph, ports, kind=kind)
        precheck_req = build_linked_create_request(
            req,
            precheck_parent_id,
            current_repo_slug=current_repo_slug,
        )
        precheck_plan = plan_node_creation(
            precheck_req,
            graph,
            kind=kind,
            specdock_dir=specdock_dir,
            today=today,
            current_repo_slug=current_repo_slug,
        )
        precheck_collisions = [path for path in precheck_plan.planned_paths if path.exists()]
        if precheck_collisions:
            raise RuntimeError(f"Destination already exists: {precheck_collisions[0]}")
    
        issue_gateway = _resolve_issue_gateway(ports)
        imported_issue = issue_gateway.issue_view_minimal(
            _resolve_repo_root(ports),
            issue_number,
            repo_slug=_resolve_import_issue_view_repo_slug(req, current_repo_slug=current_repo_slug),
        )
        lock_path, lock_token = _acquire_create_lock(specdock_dir)
        result_node: SpecNode | None = None
        body_error: Exception | None = None
        local_write_phase: CreateWritePhase = "none"
        local_node_id: str | None = None
        try:
            graph = load_graph(ports, validate=False)
            guard_github_issue_uniqueness(
                graph,
                issue_number,
                github_repo_owner=req.target_repo_owner,
                github_repo_name=req.target_repo_name,
                current_repo_slug=current_repo_slug,
            )
            locked_parent_id = resolve_parent_for_import(req, graph, ports, kind=kind)
            create_req = build_linked_create_request(
                req,
                locked_parent_id,
                current_repo_slug=current_repo_slug,
            )
            plan = plan_node_creation(
                create_req,
                graph,
                kind=kind,
                specdock_dir=specdock_dir,
                today=today,
                current_repo_slug=current_repo_slug,
            )
            local_node_id = plan.meta.id
            execute_create_plan(plan, ports)
            local_write_phase = "meta_written"
            _post_write_duplicate_guard(ports, node_id=plan.meta.id)
            local_write_phase = "post_write_verified"
            result_node = _to_spec_node(plan.meta)
        except Exception as exc:
            body_error = exc
            local_write_phase = resolve_create_write_phase(exc, default=local_write_phase)
        finally:
            release_error: Exception | None = None
            try:
                _release_create_lock(lock_path, lock_token)
            except Exception as exc:
                release_error = exc
    
            wrapped_outcome_error = _build_post_import_failure(
                local_error=body_error,
                release_error=release_error,
                kind=kind,
                req=req,
                title=title,
                specdock_dir=specdock_dir,
                local_write_phase=local_write_phase,
                local_node_id=local_node_id if create_write_phase_has_local_writes(local_write_phase) else None,
            )
            if wrapped_outcome_error is not None:
                cause = body_error if body_error is not None else release_error
                if cause is not None:
&gt;                   raise wrapped_outcome_error from cause
E                   RuntimeError: Outcome: import_local_write_fail. '_StubTemplateScaffolder' object has no attribute 'copy_scaffolded_tree_at' Recovery: rerun `/private/var/folders/0v/jkf8ysk1621277d4xmr584cc0000gn/T/tmpdw3tjm5c/spec-dock/scripts/spec-dock import issue 123 --title 'Add refresh token'`.

src/spec_dock/assets/spec_dock/scripts/spec_dock_runtime/application/import_node.py:425: RuntimeError</failure></testcase><testcase classname="tests.cli_runtime.test_runtime_import_s10.TestRuntimeImportS10" name="test_import_import_race_revalidation_no_write_regression" time="0.008" /><testcase classname="tests.cli_runtime.test_runtime_import_s10.TestRuntimeImportS10" name="test_no_write_preflight_collision_regression" time="0.007" /><testcase classname="tests.cli_runtime.test_runtime_import_s10.TestRuntimeImportS10" name="test_import_issue_rejects_foreign_repo_without_opt_in" time="0.006" /><testcase classname="tests.cli_runtime.test_runtime_import_s10.TestRuntimeImportS10" name="test_renderer_text_regression" time="0.000" /><testcase classname="tests.cli_runtime.test_runtime_shell_s11.TestRuntimeShellS11" name="test_import_root_normalizes_fully_qualified_layer_modules" time="0.000" /><testcase classname="tests.cli_runtime.test_runtime_shell_s11.TestRuntimeShellS11" name="test_close_command_wrapper_smoke" time="0.002" /><testcase classname="tests.cli_runtime.test_runtime_shell_s11.TestRuntimeShellS11" name="test_rollback_ready_wrapper_swap_smoke" time="0.002" /><testcase classname="tests.cli_runtime.test_runtime_validate_s02.TestRuntimeValidateS02" name="test_validate_tree_use_case_returns_domain_error" time="0.002" /><testcase classname="tests.cli_runtime.test_runtime_validate_s02.TestRuntimeValidateS02" name="test_validate_exit_0_and_stdout_only" time="0.002" /><testcase classname="tests.cli_runtime.test_storage_core_cli.TestStorageCoreCli" name="test_removed_routes_are_parser_errors_without_tree_or_state_writes" time="1.359" /><testcase classname="tests.cli_runtime.test_storage_core_cli.TestStorageCoreCli" name="test_active_set_exposes_only_target_selectors_and_invalid_target_is_no_write" time="2.360" /><testcase classname="tests.cli_runtime.test_sync.TestCliSync" name="test_sync_builds_flat_adr_mirror_and_clears_stale_entries_after_rename_and_delete" time="0.000"><skipped type="pytest.skip" message="S06 replacement: tests.unit.presentation.test_runtime_sync_s07 covers ADR mirror rebuild and symlink semantics.">/Volumes/990p2t/workspace/worktrees/spec-dock/iss-00370-with-baseline/tests/cli_runtime/test_sync.py:126: S06 replacement: tests.unit.presentation.test_runtime_sync_s07 covers ADR mirror rebuild and symlink semantics.</skipped></testcase><testcase classname="tests.cli_runtime.test_sync.TestCliSync" name="test_sync_derives_deps_fields_ready_and_blockers" time="2.267" /><testcase classname="tests.cli_runtime.test_sync.TestCliSync" name="test_local_only_issue_is_open_and_ready_without_deps" time="1.278" /><testcase classname="tests.cli_runtime.test_sync.TestCliSync" name="test_sync_emits_deps_issues_json_and_puml_todo_only" time="3.038" /><testcase classname="tests.cli_runtime.test_sync.TestCliSync" name="test_sync_default_github_populates_issue_statuses" time="2.524" /><testcase classname="tests.cli_runtime.test_sync.TestCliSync" name="test_sync_github_passes_gh_limit_to_gh" time="1.056" /><testcase classname="tests.cli_runtime.test_uninstall.TestUninstallCommand" name="test_uninstall_runs_uvx_no_cache_with_default_target" time="0.511" /><testcase classname="tests.cli_runtime.test_uninstall.TestUninstallCommand" name="test_uninstall_forwards_json_and_preserves_json_stdout" time="0.518" /><testcase classname="tests.cli_runtime.test_update.TestUpdateCommand" name="test_update_runs_uvx_no_cache_with_default_target" time="0.533" /><testcase classname="tests.cli_runtime.test_update.TestUpdateCommand" name="test_update_rejects_force_option" time="0.231" /><testcase classname="tests.cli_runtime.test_validate.TestCliValidate" name="test_validate_and_doctor_preserve_timestamp_intent_authoring_pack_directory_without_accept_all[20260810t010101z-100-analysis-direct-control.md]" time="1.425" /><testcase classname="tests.cli_runtime.test_validate.TestCliValidate" name="test_validate_and_doctor_preserve_explicit_historical_catalog[artifacts-20260810t010102z-draft-requirement-requirement.md]" time="1.380" /><testcase classname="tests.cli_runtime.test_validate.TestCliValidate" name="test_validate_and_doctor_preserve_explicit_historical_catalog[artifacts-001-adr-token-rotation.md]" time="1.368" /><testcase classname="tests.cli_runtime.test_validate.TestCliValidate" name="test_validate_and_doctor_preserve_explicit_historical_catalog[artifacts-20260810t010108z-07--opaque.md]" time="1.548" /><testcase classname="tests.cli_runtime.test_validate.TestCliValidate" name="test_validate_and_doctor_preserve_explicit_historical_catalog[artifacts-20260810t010112z-disc-options.md]" time="1.391" /><testcase classname="tests.cli_runtime.test_validate.TestCliValidate" name="test_validate_and_doctor_preserve_explicit_historical_catalog[artifacts-20260810t010118z-report-validation-result.md]" time="1.656" /><testcase classname="tests.cli_runtime.test_validate.TestCliValidate" name="test_validate_and_doctor_preserve_explicit_historical_catalog[discussions-20260810t010116z-01-note-legacy.md]" time="1.421" /><testcase classname="tests.cli_runtime.test_validate.TestCliValidate" name="test_validate_and_doctor_preserve_explicit_historical_catalog[discussions-004-note-legacy.md]" time="1.431" /><testcase classname="tests.cli_runtime.test_validate.TestCliValidate" name="test_validate_and_doctor_diagnose_only_explicit_malformed_artifact_controls_without_mutation[20260810t010101z_analysis-bad-separator.md]" time="1.567" /><testcase classname="tests.cli_runtime.test_validate.TestCliValidate" name="test_validate_and_doctor_diagnose_only_explicit_malformed_artifact_controls_without_mutation[20260810t010101z-00-note-bad-slot.md]" time="1.422" /><testcase classname="tests.cli_runtime.test_validate.TestCliValidate" name="test_validate_and_doctor_preserve_duplicate_artifacts_while_reporting_actionable_diagnostic[filenames1-Duplicate artifact timestamp slot detected]" time="1.358" /><testcase classname="tests.cli_runtime.test_validate.TestCliValidate" name="test_validate_and_doctor_preserve_unsafe_artifact_paths_while_reporting_actionable_diagnostic[artifact-file-directory]" time="1.416" /><testcase classname="tests.cli_runtime.test_validate.TestCliValidate" name="test_validate_detects_broken_parent_id" time="1.166" /><testcase classname="tests.cli_runtime.test_validate.TestCliValidate" name="test_sync_fails_preflight_on_partially_scoped_issue_linkage" time="0.000"><skipped type="pytest.skip" message="S04: covered by TestRuntimeSyncS07.test_sync_fails_preflight_for_malformed_partial_repo_scope_linkage">/Volumes/990p2t/workspace/worktrees/spec-dock/iss-00370-with-baseline/tests/cli_runtime/test_validate.py:534: S04: covered by TestRuntimeSyncS07.test_sync_fails_preflight_for_malformed_partial_repo_scope_linkage</skipped></testcase><testcase classname="tests.cli_runtime.test_validate.TestCliValidate" name="test_validate_rejects_same_issue_number_when_repo_linkage_is_mixed_and_current_unknown" time="1.130" /><testcase classname="tests.cli_runtime.test_validate.TestCliValidate" name="test_validate_accepts_high_end_discussion_timestamp_suffix" time="1.421" /><testcase classname="tests.cli_runtime.test_validate.TestCliValidate" name="test_validate_rejects_duplicate_artifact_id_with_artifact_diagnostic" time="1.099" /><testcase classname="tests.cli_runtime.test_validate.TestCliValidate" name="test_validate_detects_missing_required_artifact_docs_for_each_node_kind" time="0.000"><skipped type="pytest.skip" message="S04: covered by TestValidateApplication.test_validate_tree_reports_missing_required_artifact_docs_without_cli">/Volumes/990p2t/workspace/worktrees/spec-dock/iss-00370-with-baseline/tests/cli_runtime/test_validate.py:1256: S04: covered by TestValidateApplication.test_validate_tree_reports_missing_required_artifact_docs_without_cli</skipped></testcase><testcase classname="tests.cli_runtime.test_validate.TestCliValidate" name="test_validate_sync_and_doctor_classify_missing_meta_with_stale_create_lock" time="1.452" /><testcase classname="tests.cli_runtime.test_validate.TestCliValidate" name="test_issue_71_runtime_bundle_missing_required_artifact_fail_fast" time="1.324" /><testcase classname="tests.cli_runtime.test_validate.TestCliValidate" name="test_sync_force_continues_when_meta_id_is_invalid" time="1.462" /><testcase classname="tests.cli_runtime.test_validate.TestCliValidate" name="test_sync_github_keeps_already_normalized_current_repo_linkage_no_origin_continuity" time="4.073" /><testcase classname="tests.cli_runtime.test_validate.TestCliValidate" name="test_validate_and_sync_fail_fast_on_legacy_meta_json" time="1.267" /><testcase classname="tests.cli_runtime.test_validate.TestCliValidate" name="test_issue_78_validate_does_not_fallback_to_legacy_when_current_is_invalid" time="1.158" /><testcase classname="tests.cli_runtime.test_workbench.TestCliWorkbench" name="test_workbench_copy_rejects_unpublished_source_and_scope_routes[--date]" time="0.303" /><testcase classname="tests.cli_runtime.test_workbench.TestCliWorkbench" name="test_workbench_copy_reports_no_source_without_changing_existing_target" time="1.475" /><testcase classname="tests.cli_runtime.test_workbench.TestCliWorkbench" name="test_workbench_copy_rejects_malformed_roots_without_external_impact[source-symlink]" time="1.344" /><testcase classname="tests.cli_runtime.test_workbench.TestCliWorkbench" name="test_workbench_copy_preserves_opaque_source_wins_f
[...]
existing_parent_rebind" time="0.018" /><testcase classname="tests.unit.infra.test_managed_distribution" name="test_i368_created_parent_held_descriptor_rejects_unknown_child_before_target_write[symlink]" time="0.019" /><testcase classname="tests.unit.infra.test_managed_distribution" name="test_i368_preserved_validator_deactivates_only_after_existing_parent_stage_create" time="0.144" /><testcase classname="tests.unit.infra.test_managed_distribution" name="test_i368_schema_2_guard_without_initial_journal_timestamp_remains_readable" time="0.002" /><testcase classname="tests.unit.infra.test_managed_distribution" name="test_i368_journal_publish_preserves_ambiguous_pair_after_stage_replacement" time="0.005" /><testcase classname="tests.unit.infra.test_managed_distribution" name="test_i368_journal_resume_allows_newer_package_for_same_plan" time="0.003" /><testcase classname="tests.unit.infra.test_managed_distribution" name="test_i369_fresh_executing_journal_does_not_reenter_for_newer_package" time="0.165" /><testcase classname="tests.unit.infra.test_managed_distribution" name="test_i368_journal_rejects_unbound_staging_lease_without_deleting_stage" time="0.005" /><testcase classname="tests.unit.infra.test_managed_distribution" name="test_i368_recognized_service_upgrades_a_recognized_workspace_version" time="0.231" /><testcase classname="tests.unit.infra.test_managed_distribution" name="test_i368_newer_package_converts_prewrite_legacy_marker_and_refreshes_version" time="0.166" /><testcase classname="tests.unit.infra.test_managed_distribution" name="test_i368_admission_rejects_nonterminal_journal_without_guard" time="0.003" /><testcase classname="tests.unit.infra.test_managed_distribution" name="test_i368_guard_only_retry_rejects_plan_drift_and_preserves_exact_guard[1.3.0]" time="0.005" /><testcase classname="tests.unit.infra.test_managed_distribution" name="test_i368_terminal_journal_rejects_tampered_digest_before_finalization[verifying]" time="0.160" /><testcase classname="tests.unit.infra.test_managed_distribution" name="test_i368_journal_finalization_preserves_concurrent_replacement" time="0.006" /><testcase classname="tests.unit.infra.test_managed_distribution" name="test_i368_same_plan_partial_failure_resumes_from_journal_checkpoint" time="0.221" /><testcase classname="tests.unit.infra.test_managed_distribution" name="test_i369_same_run_fresh_create_rejects_same_semantics_new_inode" time="0.088" /><testcase classname="tests.unit.infra.test_managed_distribution" name="test_i369_fresh_workbench_retry_binds_exact_external_seed_identity[mutate-restore]" time="0.028" /><testcase classname="tests.unit.infra.test_managed_distribution" name="test_i368_retry_cleans_exact_stage_created_after_write_ahead_reservation" time="0.210" /><testcase classname="tests.unit.infra.test_managed_distribution" name="test_i368_zero_reserved_created_parent_stage_crash_recovery[mismatch-symlink]" time="0.046" /><testcase classname="tests.unit.infra.test_managed_distribution" name="test_i368_pending_create_stale_cleanup_roles_resume_before_action[backup-reserved-symlink]" time="0.229" /><testcase classname="tests.unit.infra.test_managed_distribution" name="test_i368_pending_create_stale_cleanup_roles_resume_before_action[backup-only-reserved-symlink]" time="0.241" /><testcase classname="tests.unit.infra.test_managed_distribution" name="test_i368_pending_create_stale_cleanup_roles_resume_before_action[gc-reserved-symlink]" time="0.238" /><testcase classname="tests.unit.infra.test_managed_distribution" name="test_i368_multi_name_gc_checkpoint_retry_converges[second-reservation-symlink]" time="0.247" /><testcase classname="tests.unit.infra.test_managed_distribution" name="test_i368_multi_name_gc_checkpoint_retry_converges[first-unlink-symlink]" time="0.269" /><testcase classname="tests.unit.infra.test_managed_distribution" name="test_i368_retained_gc_transition_graph_resumes_without_name_ordering[retained-rename-symlink]" time="0.273" /><testcase classname="tests.unit.infra.test_managed_distribution" name="test_i368_retained_gc_transition_graph_resumes_without_name_ordering[first-data-gc-unlink-symlink]" time="0.273" /><testcase classname="tests.unit.infra.test_managed_distribution" name="test_i368_gc_graph_forgery_is_rejected_before_namespace_mutation[ambiguous-successor]" time="0.009" /><testcase classname="tests.unit.infra.test_managed_distribution" name="test_i368_gc_graph_forgery_is_rejected_before_namespace_mutation[foreign-predecessor]" time="0.009" /><testcase classname="tests.unit.infra.test_managed_distribution" name="test_i368_reserved_companion_requires_exact_named_predecessor[backup-reserved-wrong-predecessor]" time="0.010" /><testcase classname="tests.unit.infra.test_managed_distribution" name="test_i368_resumed_final_retained_transition_preserves_interposed_entry[regular-replacement]" time="0.070" /><testcase classname="tests.unit.infra.test_managed_distribution" name="test_i368_stale_cleanup_final_backup_unlink_revalidates_held_created_parent[symlink]" time="0.053" /><testcase classname="tests.unit.infra.test_managed_distribution" name="test_i368_retry_removes_reserved_quarantine_after_abrupt_prune" time="0.182" /><testcase classname="tests.unit.infra.test_managed_distribution" name="test_i368_initial_guard_only_crash_reconstructs_exact_prepared_journal" time="0.003" /><testcase classname="tests.unit.infra.test_managed_distribution" name="test_i368_digestless_prepared_journal_rejects_guard_inherited_lease_mismatch[symlink]" time="0.003" /><testcase classname="tests.unit.infra.test_managed_distribution" name="test_i368_digestless_guard_rejects_forged_initial_created_parent_inventory[omit]" time="0.003" /><testcase classname="tests.unit.infra.test_managed_distribution" name="test_i368_roleless_backup_fixture_promotes_and_resumes[dual-link]" time="0.196" /><testcase classname="tests.unit.infra.test_managed_distribution" name="test_s20_invalid_historical_record_is_rejected[record0]" time="0.002" /><testcase classname="tests.unit.infra.test_managed_distribution" name="test_s20_invalid_historical_record_is_rejected[record4]" time="0.002" /><testcase classname="tests.unit.infra.test_managed_distribution" name="test_s20_invalid_historical_record_is_rejected[record8]" time="0.002" /><testcase classname="tests.unit.infra.test_managed_distribution" name="test_s20_duplicate_and_current_obsolete_overlap_are_rejected" time="0.004" /><testcase classname="tests.unit.infra.test_managed_distribution" name="test_s20_protected_workspace_overlap_is_rejected[spec-dock/.workbench/README.md]" time="0.002" /><testcase classname="tests.unit.infra.test_managed_distribution" name="test_s20_historical_schema_requires_all_named_sections" time="0.001" /><testcase classname="tests.unit.infra.test_managed_distribution" name="test_i369_required_directory_collisions_are_blocked_without_mutation" time="0.001" /><testcase classname="tests.unit.infra.test_managed_distribution" name="test_i369_existing_required_directory_adopt_checkpoint_retries" time="0.156" /><testcase classname="tests.unit.infra.test_managed_distribution" name="test_i369_protocol1_fixed_link_count_symlink_journal_retry_compatibility" time="0.153" /><testcase classname="tests.unit.infra.test_managed_distribution" name="test_i369_fresh_legacy_later_phase_reassesses_and_converts_without_checkpoint_skip[obsolete-pruned]" time="0.166" /><testcase classname="tests.unit.infra.test_managed_distribution" name="test_i369_fresh_schema1_conversion_preserves_legacy_marker_when_journal_appears" time="0.009" /><testcase classname="tests.unit.infra.test_managed_distribution" name="test_s25_unknown_current_collision_is_preserved_and_diagnostic_is_sanitized" time="0.002" /><testcase classname="tests.unit.infra.test_managed_distribution" name="test_i368_regular_upgrade_restores_replacement_raced_at_atomic_swap" time="0.004" /><testcase classname="tests.unit.infra.test_managed_distribution" name="test_s25_path_type_collisions_block_before_any_mutation[exact-directory-exact-path-directory]" time="0.001" /><testcase classname="tests.unit.infra.test_managed_distribution" name="test_s25_current_hard_link_is_blocked_for_mutation[fresh]" time="0.002" /><testcase classname="tests.unit.infra.test_managed_distribution" name="test_i369_required_directory_classification_reuses_captured_observation" time="0.001" /><testcase classname="tests.unit.infra.test_managed_distribution" name="test_s25_current_hard_linked_shortcut_is_blocked_for_mutation[init-force-adopt]" time="0.001" /><testcase classname="tests.unit.infra.test_managed_distribution" name="test_s25_historical_hard_linked_shortcut_is_blocked_for_update" time="0.002" /><testcase classname="tests.unit.infra.test_managed_distribution" name="test_s25_noncanonical_historical_shortcut_is_evidence_only" time="0.001" /><testcase classname="tests.unit.infra.test_managed_distribution" name="test_s30_apply_upgrades_historical_regular_target_atomically" time="0.003" /><testcase classname="tests.unit.infra.test_managed_distribution" name="test_s30_apply_rejects_provider_content_change_with_same_planned_snapshot" time="0.002" /><testcase classname="tests.unit.infra.test_managed_distribution" name="test_i368_post_swap_same_content_replacement_preserves_displaced_predecessor" time="0.003" /><testcase classname="tests.unit.infra.test_managed_distribution" name="test_s30_apply_refreshes_snapshots_after_stale_stage_cleanup_for_later_action" time="0.004" /><testcase classname="tests.unit.infra.test_managed_distribution" name="test_s30_apply_records_partial_stage_identity_when_cleanup_fails" time="0.007" /><testcase classname="tests.unit.infra.test_managed_distribution" name="test_s55_apply_prunes_proven_obsolete_target_during_update" time="0.004" /><testcase classname="tests.unit.infra.test_managed_distribution" name="test_s55_unknown_or_unsafe_obsolete_target_blocks_before_mutation[symlink-obsolete-identity-unknown]" time="0.002" /><testcase classname="tests.unit.infra.test_managed_distribution" name="test_s30_apply_blocks_root_rebind_during_data_write" time="0.004" /><testcase classname="tests.unit.infra.test_managed_distribution" name="test_s30_apply_blocks_hard_link_prune_without_mutation" time="0.002" /><testcase classname="tests.unit.infra.test_managed_distribution" name="test_s30_apply_retries_cleanup_of_known_stale_symlink_stage" time="0.004" /><testcase classname="tests.unit.infra.test_managed_distribution" name="test_i368_symlink_upgrade_restores_replacement_raced_at_atomic_swap" time="0.004" /><testcase classname="tests.unit.infra.test_managed_distribution" name="test_s35_admission_rejects_noncanonical_version_before_mutation[\xef\xbb\xbf1.2.3\n-invalid-version]" time="0.002" /><testcase classname="tests.unit.infra.test_managed_distribution" name="test_s35_cross_root_retry_replay_and_dual_marker_are_blocked" time="0.002" /><testcase classname="tests.unit.infra.test_managed_distribution" name="test_i368_journal_create_revalidates_guard_at_publish_boundary" time="0.004" /><testcase classname="tests.unit.infra.test_managed_distribution" name="test_i368_published_successor_rejects_same_byte_replacement_before_return[guard]" time="0.002" /><testcase classname="tests.unit.infra.test_managed_distribution" name="test_i368_finalization_rejects_replacement_before_authority_reacquisition[False-guard]" time="0.002" /><testcase classname="tests.unit.infra.test_managed_distribution" name="test_i368_checkpoint_revalidates_successor_immediately_before_predecessor_cleanup" time="0.026" /><testcase classname="tests.unit.infra.test_managed_distribution" name="test_i368_displaced_quarantine_write_ahead_crash_retry_converges[rename-after-regular]" time="0.216" /><testcase classname="tests.unit.infra.test_managed_distribution" name="test_i368_displaced_quarantine_write_ahead_crash_retry_converges[exact-after-regular]" time="0.230" /><testcase classname="tests.unit.infra.test_managed_distribution" name="test_i368_displaced_quarantine_write_ahead_crash_retry_converges[unlink-before-regular]" time="0.226" /><testcase classname="tests.unit.infra.test_managed_distribution" name="test_i368_reserved_displaced_quarantine_mismatch_is_preserved[regular]" time="0.031" /><testcase classname="tests.unit.infra.test_managed_distribution" name="test_i368_displaced_cleanup_revalidates_both_namespace_entries[symlink]" time="0.001" /><testcase classname="tests.unit.infra.test_managed_distribution" name="test_i368_quarantine_backup_preserves_replacement_and_restores_predecessor[post-unlink-canonical-symlink]" time="0.002" /><testcase classname="tests.unit.infra.test_managed_distribution" name="test_i368_final_gc_preserves_exact_source_across_delete_interposition[unknown-child-symlink]" time="0.002" /><testcase classname="tests.unit.infra.test_managed_distribution" name="test_i368_final_retained_witness_is_not_unlinked_after_authority_interposition[unknown-child-symlink]" time="0.002" /><testcase classname="tests.unit.infra.test_runtime_fs_cli_workbench" name="test_copy_workbench_recursively_merges_source_wins_and_is_idempotent" time="0.003" /><testcase classname="tests.unit.infra.test_runtime_fs_cli_workbench" name="test_copy_workbench_does_not_traverse_destination_symlink_as_a_directory" time="0.001" /><testcase classname="tests.unit.infra.test_runtime_fs_cli_workbench" name="test_copy_workbench_rejects_missing_destination_parent_swap_before_mkdir" time="0.001" /><testcase classname="tests.unit.infra.test_runtime_fs_cli_workbench" name="test_copy_workbench_symlink_create_stays_in_held_parent_after_visible_parent_swap" time="0.001" /><testcase classname="tests.unit.infra.test_runtime_fs_cli_workbench" name="test_copy_workbench_existing_nested_destination_frame_stays_on_opened_child_after_visible_swap" time="0.002" /><testcase classname="tests.unit.infra.test_runtime_fs_cli_workbench" name="test_copy_workbench_fails_closed_before_mutation_when_descriptor_capability_is_unavailable[_WORKBENCH_FD_INSPECTION_SUPPORTED]" time="0.001" /><testcase classname="tests.unit.infra.test_runtime_fs_cli_workbench" name="test_copy_workbench_keeps_destination_parent_fd_after_symlink_read_path_swap" time="0.001" /><testcase classname="tests.unit.infra.test_runtime_fs_cli_workbench" name="test_copy_workbench_regular_file_rejects_symlink_inserted_after_fd_unlink" time="0.001" /><testcase classname="tests.unit.infra.test_runtime_fs_cli_workbench" name="test_copy_workbench_type_collision_fails_without_removing_destination_data[file]" time="0.001" /><testcase classname="tests.unit.infra.test_runtime_fs_cli_workbench" name="test_guard_workbench_ancestry_rejects_each_symlink_component_without_touching_external[spec-dock]" time="0.001" /><testcase classname="tests.unit.infra.test_runtime_fs_cli_workbench" name="test_guard_workbench_inventory_rejects_metadata_symlink_anywhere_without_reading_target[initiatives-root]" time="0.001" /><testcase classname="tests.unit.infra.test_runtime_fs_cli_workbench" name="test_copy_workbench_failed_destination_mkdir_reports_no_mutation" time="0.001" /><testcase classname="tests.unit.infra.test_runtime_fs_repo_workbench_opacity" name="test_workbench_readme_and_payloads_remain_semantically_opaque" time="0.002" /><testcase classname="tests.unit.infra.test_runtime_fs_repo_workbench_opacity" name="test_metadata_walk_prunes_workbench_before_descendant_access[_iter_node_meta_paths-.meta.json]" time="0.001" /><testcase classname="tests.unit.infra.test_runtime_template_scaffolder" name="test_copy_scaffolded_tree_still_renders_changed_placeholder_text" time="0.001" /><testcase classname="tests.unit.presentation.test_artifact_import_file" name="test_file_import_error_json_is_content_and_path_free" time="0.000" /><testcase classname="tests.unit.presentation.test_deps_raw_puml" name="test_tc_s02_002_parent_level_package_endpoint_edge" time="0.000" /><testcase classname="tests.unit.presentation.test_deps_raw_puml" name="test_tc_s04_004_completed_high_level_source_is_not_raw_participant" time="0.000" /><testcase classname="tests.unit.presentation.test_deps_raw_puml" name="test_tc_s04_005_satisfied_high_level_dependency_is_omitted_from_active_raw_view" time="0.000" /><testcase classname="tests.unit.presentation.test_deps_raw_puml" name="test_tc_s02_008_zero_raw_direct_dependencies_valid_note" time="0.000" /><testcase classname="tests.unit.presentation.test_runtime_sync_s07.TestRuntimeSyncS07" name="test_sync_fails_before_write_on_adr_mirror_basename_collision_and_preserves_adrs" time="0.005" /><testcase classname="tests.unit.presentation.test_runtime_sync_s07.TestRuntimeSyncS07" name="test_sync_warns_and_succeeds_with_empty_adrs_when_symlinks_are_unsupported" time="0.010" /><testcase classname="tests.unit.presentation.test_runtime_sync_s07.TestRuntimeSyncS07" name="test_sync_recovers_dangling_adrs_symlink_before_probe_and_rebuilds_mirror" time="0.010" /><testcase classname="tests.unit.presentation.test_runtime_sync_s07.TestRuntimeSyncS07" name="test_sync_ignores_non_utf8_timestamp_adr_candidates" time="0.009" /><testcase classname="tests.unit.presentation.test_runtime_sync_s07.TestRuntimeSyncS07" name="test_sync_keeps_actual_adr_mirror_symlink_failures_hard_after_probe_success" time="0.009" /><testcase classname="tests.unit.presentation.test_runtime_sync_s07.TestRuntimeSyncS07" name="test_sync_force_placeholder_and_deps_error_regression" time="0.007" /><testcase classname="tests.unit.presentation.test_runtime_sync_s07.TestRuntimeSyncS07" name="test_sync_falls_back_to_same_repo_repo_scoped_view_fetch_when_index_missing_key" time="0.009" /><testcase classname="tests.unit.presentation.test_runtime_sync_s07.TestRuntimeSyncS07" name="test_sync_fails_preflight_for_malformed_partial_repo_scope_linkage[missing_repo_owner-force_true]" time="0.003" /><testcase classname="tests.unit.presentation.test_runtime_sync_s07.TestRuntimeSyncS07" name="test_sync_fails_preflight_for_malformed_partial_repo_scope_linkage[blank_repo_name-force_true]" time="0.004" /><testcase classname="tests.unit.presentation.test_runtime_sync_s07.TestRuntimeSyncS07" name="test_sync_does_not_apply_foreign_snapshot_to_current_unscoped_issue_when_current_snapshot_missing" time="0.009" /><testcase classname="tests.unit.presentation.test_runtime_sync_s07.TestRuntimeSyncS07" name="test_sync_active_update_then_artifact_failure_is_non_atomic" time="0.007" /><testcase classname="tests.unit.presentation.test_runtime_sync_s07.TestRuntimeSyncS07" name="test_render_sync_text_regression" time="0.000" /><testcase classname="tests.unit.presentation.test_runtime_sync_s07.TestRuntimeSyncS07" name="test_legacy_delegated_sync_smoke" time="0.000" /><testcase classname="tests.unit.presentation.test_runtime_sync_s07.TestRuntimeSyncS07" name="test_tc_s06_003_delete_json_includes_post_sync_outcome_and_failure_exit" time="0.000" /><testcase classname="tests.unit.presentation.test_runtime_sync_s07.TestRuntimeSyncS07" name="test_collect_sync_state_force_hard_fails_for_partial_scope_backfill_candidates" time="0.005" /><testcase classname="tests.unit.test_discovery.TestUnitDiscoverySmoke" name="test_unit_package_markers_exist" time="0.000" /><testcase classname="tests.unit.test_provider_test_lanes" name="test_full_regression_stream_timeout_survives_unterminated_output" time="0.104" /><testcase classname="tests.unit.test_provider_test_lanes" name="test_full_regression_leader_exit_checks_group_after_pipe_eof" time="0.124" /><testcase classname="tests.unit.test_provider_test_lanes" name="test_distribution_cutover_reuses_plain_init_only_as_update_or_uninstall_setup" time="0.000" /><testcase classname="tests.unit.test_provider_test_lanes" name="test_repo_root_lane_partition_is_complete_and_keeps_required_fast_nodes" time="1.177" /><testcase classname="tests.unit.test_provider_test_lanes" name="test_full_regression_option_and_permission_contract" time="0.578" /><testcase classname="tests.unit.test_provider_test_lanes" name="test_full_regression_guard_rejects_missing_ledger" time="0.159" /></testsuite></testsuites>